-------------------------------------------------------------------------------
Test set: za.ac.nwu.ac.logic.flow.impl.CreateAccountTypeFlowImplTest
-------------------------------------------------------------------------------
Tests run: 1, Failures: 0, Errors: 1, Skipped: 0, Time elapsed: 12.428 s <<< FAILURE! - in za.ac.nwu.ac.logic.flow.impl.CreateAccountTypeFlowImplTest
za.ac.nwu.ac.logic.flow.impl.CreateAccountTypeFlowImplTest  Time elapsed: 12.428 s  <<< ERROR!
org.mockito.exceptions.base.MockitoException: 

Mockito cannot mock this class: interface za.ac.nwu.translator.MemberTypeTranslator.

If you're not sure why you're getting this error, please report to the mailing list.


Java               : 16
JVM vendor name    : Oracle Corporation
JVM vendor version : 16.0.2+7-67
JVM name           : Java HotSpot(TM) 64-Bit Server VM
JVM version        : 16.0.2+7-67
JVM info           : mixed mode, sharing
OS name            : Windows 10
OS version         : 10.0


You are seeing this disclaimer because Mockito is configured to create inlined mocks.
You can learn about inline mocks and their limitations under item #39 of the Mockito class javadoc.

Underlying exception : org.mockito.exceptions.base.MockitoException: Could not modify all classes [interface za.ac.nwu.translator.MemberTypeTranslator]
Caused by: org.mockito.exceptions.base.MockitoException: Could not modify all classes [interface za.ac.nwu.translator.MemberTypeTranslator]
Caused by: java.lang.IllegalStateException: 

Byte Buddy could not instrument all classes within the mock's type hierarchy

This problem should never occur for javac-compiled classes. This problem has been observed for classes that are:
 - Compiled by older versions of scalac
 - Classes that are part of the Android distribution
Caused by: java.lang.IllegalArgumentException: Unsupported class file major version 60

